Build started 11/17/2014 6:23:06 AM.
     1>Project "C:\Users\Alberdi\Documents\GitHub\CS3113\HW08\Sidescroller\NYUCodebase\NYUCodebase.vcxproj" on node 2 (Build target(s)).
     1>ClCompile:
         D:\Microsoft Visual Studio 12.0\VC\bin\CL.exe /c /IC:\SDL2_mixer\include /IC:\SDL2\include /IC:\SDL2_image\include /ZI /nologo /W3 /WX- /sdl /Od /Oy- /D _MBCS /Gm /EHsc /RTC1 /MDd /GS /fp:precise /Zc:wchar_t /Zc:forScope /Fo"Debug\\" /Fd"Debug\vc120.pdb" /Gd /TP /analyze- /errorReport:prompt SideScroller.cpp
         SideScroller.cpp
     1>c:\users\alberdi\documents\github\cs3113\hw08\sidescroller\nyucodebase\sidescroller.cpp(138): warning C4018: '<' : signed/unsigned mismatch
     1>c:\users\alberdi\documents\github\cs3113\hw08\sidescroller\nyucodebase\sidescroller.cpp(154): warning C4018: '<' : signed/unsigned mismatch
     1>c:\users\alberdi\documents\github\cs3113\hw08\sidescroller\nyucodebase\sidescroller.cpp(159): warning C4018: '<' : signed/unsigned mismatch
     1>c:\users\alberdi\documents\github\cs3113\hw08\sidescroller\nyucodebase\sidescroller.cpp(348): warning C4305: 'argument' : truncation from 'double' to 'float'
     1>c:\users\alberdi\documents\github\cs3113\hw08\sidescroller\nyucodebase\sidescroller.cpp(351): warning C4305: 'argument' : truncation from 'double' to 'float'
     1>c:\users\alberdi\documents\github\cs3113\hw08\sidescroller\nyucodebase\sidescroller.cpp(354): warning C4305: 'argument' : truncation from 'double' to 'float'
     1>c:\users\alberdi\documents\github\cs3113\hw08\sidescroller\nyucodebase\sidescroller.cpp(357): warning C4305: 'argument' : truncation from 'double' to 'float'
     1>c:\users\alberdi\documents\github\cs3113\hw08\sidescroller\nyucodebase\sidescroller.cpp(382): warning C4244: 'argument' : conversion from 'double' to 'GLfloat', possible loss of data
     1>c:\users\alberdi\documents\github\cs3113\hw08\sidescroller\nyucodebase\sidescroller.cpp(437): warning C4018: '<' : signed/unsigned mismatch
     1>c:\users\alberdi\documents\github\cs3113\hw08\sidescroller\nyucodebase\sidescroller.cpp(438): warning C4018: '<' : signed/unsigned mismatch
     1>c:\users\alberdi\documents\github\cs3113\hw08\sidescroller\nyucodebase\sidescroller.cpp(481): warning C4244: '=' : conversion from 'float' to 'int', possible loss of data
     1>c:\users\alberdi\documents\github\cs3113\hw08\sidescroller\nyucodebase\sidescroller.cpp(482): warning C4244: '=' : conversion from 'float' to 'int', possible loss of data
     1>c:\users\alberdi\documents\github\cs3113\hw08\sidescroller\nyucodebase\sidescroller.cpp(492): warning C4244: 'argument' : conversion from 'double' to 'float', possible loss of data
     1>c:\users\alberdi\documents\github\cs3113\hw08\sidescroller\nyucodebase\sidescroller.cpp(502): warning C4244: 'argument' : conversion from 'double' to 'float', possible loss of data
     1>c:\users\alberdi\documents\github\cs3113\hw08\sidescroller\nyucodebase\sidescroller.cpp(515): warning C4244: 'argument' : conversion from 'double' to 'float', possible loss of data
       Link:
         D:\Microsoft Visual Studio 12.0\VC\bin\link.exe /ERRORREPORT:PROMPT /OUT:"C:\Users\Alberdi\Documents\GitHub\CS3113\HW08\Sidescroller\Debug\CS3113HW05.exe" /INCREMENTAL /NOLOGO /LIBPATH:C:\SDL2\lib\x86 /LIBPATH:C:\SDL2_image\lib\x86 /LIBPATH:C:\SDL2_mixer\lib\x86 SDL2.lib SDL2main.lib SDL2_image.lib SDL2_mixer.lib OpenGL32.lib /MANIFEST /MANIFESTUAC:"level='asInvoker' uiAccess='false'" /manifest:embed /DEBUG /PDB:"C:\Users\Alberdi\Documents\GitHub\CS3113\HW08\Sidescroller\Debug\CS3113HW05.pdb" /SUBSYSTEM:WINDOWS /TLBID:1 /DYNAMICBASE /NXCOMPAT /IMPLIB:"C:\Users\Alberdi\Documents\GitHub\CS3113\HW08\Sidescroller\Debug\CS3113HW05.lib" /MACHINE:X86 Debug\Entity.obj
         Debug\main.obj
         Debug\PerlinNoise.obj
         Debug\SpriteSheet.obj
         Debug\SideScroller.obj
         NYUCodebase.vcxproj -> C:\Users\Alberdi\Documents\GitHub\CS3113\HW08\Sidescroller\Debug\CS3113HW05.exe
     1>Done Building Project "C:\Users\Alberdi\Documents\GitHub\CS3113\HW08\Sidescroller\NYUCodebase\NYUCodebase.vcxproj" (Build target(s)).

Build succeeded.

Time Elapsed 00:00:00.74
