Build started 12/16/2014 8:04:31 PM.
     1>Project "C:\Users\Alberdi\Documents\GitHub\CS3113\Final Project\Glow Hockey\NYUCodebase\NYUCodebase.vcxproj" on node 2 (Build target(s)).
     1>ClCompile:
         D:\Microsoft Visual Studio 12.0\VC\bin\CL.exe /c /IC:\SDL2_mixer\include /IC:\SDL2\include /IC:\SDL2_image\include /IC:\glew\include /ZI /nologo /W3 /WX- /sdl /Od /Oy- /D _MBCS /Gm /EHsc /RTC1 /MDd /GS /fp:precise /Zc:wchar_t /Zc:forScope /Fo"Debug\\" /Fd"Debug\vc120.pdb" /Gd /TP /analyze- /errorReport:prompt GlowHockey.cpp ParticleSystem.cpp main.cpp
         GlowHockey.cpp
         Generating Code...
         Skipping... (no relevant changes detected)
         main.cpp
         ParticleSystem.cpp
       Link:
         D:\Microsoft Visual Studio 12.0\VC\bin\link.exe /ERRORREPORT:PROMPT /OUT:"C:\Users\Alberdi\Documents\GitHub\CS3113\Final Project\Glow Hockey\Debug\GlowHockey.exe" /INCREMENTAL /NOLOGO /LIBPATH:C:\SDL2\lib\x86 /LIBPATH:C:\SDL2_image\lib\x86 /LIBPATH:C:\SDL2_mixer\lib\x86 /LIBPATH:C:\glew\lib\Release\Win32 glew32.lib SDL2.lib SDL2main.lib SDL2_image.lib SDL2_mixer.lib OpenGL32.lib /MANIFEST /MANIFESTUAC:"level='asInvoker' uiAccess='false'" /manifest:embed /DEBUG /PDB:"C:\Users\Alberdi\Documents\GitHub\CS3113\Final Project\Glow Hockey\Debug\GlowHockey.pdb" /SUBSYSTEM:WINDOWS /TLBID:1 /DYNAMICBASE /NXCOMPAT /IMPLIB:"C:\Users\Alberdi\Documents\GitHub\CS3113\Final Project\Glow Hockey\Debug\GlowHockey.lib" /MACHINE:X86 Debug\Entity.obj
         Debug\main.obj
         Debug\Matrix.obj
         Debug\ParticleSystem.obj
         Debug\SpriteSheet.obj
         Debug\GlowHockey.obj
         Debug\Vector.obj
         NYUCodebase.vcxproj -> C:\Users\Alberdi\Documents\GitHub\CS3113\Final Project\Glow Hockey\Debug\GlowHockey.exe
     1>Done Building Project "C:\Users\Alberdi\Documents\GitHub\CS3113\Final Project\Glow Hockey\NYUCodebase\NYUCodebase.vcxproj" (Build target(s)).

Build succeeded.

Time Elapsed 00:00:00.82
